CRITICAL - 2022-04-27 15:30:50 --> The framework needs the following extension(s) installed and loaded: intl.
#0 D:\work4php\dev\wemakeprice_api\system\CodeIgniter.php(219): CodeIgniter\Exceptions\FrameworkException::forMissingExtension('intl')
#1 D:\work4php\dev\wemakeprice_api\system\CodeIgniter.php(177): CodeIgniter\CodeIgniter->resolvePlatformExtensions()
#2 D:\work4php\dev\wemakeprice_api\system\bootstrap.php(146): CodeIgniter\CodeIgniter->initialize()
#3 D:\work4php\dev\wemakeprice_api\public\index.php(28): require('D:\\work4php\\dev...')
#4 {main}
CRITICAL - 2022-04-27 15:31:00 --> The framework needs the following extension(s) installed and loaded: intl.
#0 D:\work4php\dev\wemakeprice_api\system\CodeIgniter.php(219): CodeIgniter\Exceptions\FrameworkException::forMissingExtension('intl')
#1 D:\work4php\dev\wemakeprice_api\system\CodeIgniter.php(177): CodeIgniter\CodeIgniter->resolvePlatformExtensions()
#2 D:\work4php\dev\wemakeprice_api\system\bootstrap.php(146): CodeIgniter\CodeIgniter->initialize()
#3 D:\work4php\dev\wemakeprice_api\public\index.php(28): require('D:\\work4php\\dev...')
#4 {main}
CRITICAL - 2022-04-27 15:33:55 --> The framework needs the following extension(s) installed and loaded: intl.
#0 D:\work4php\dev\wemakeprice_api\system\CodeIgniter.php(219): CodeIgniter\Exceptions\FrameworkException::forMissingExtension('intl')
#1 D:\work4php\dev\wemakeprice_api\system\CodeIgniter.php(177): CodeIgniter\CodeIgniter->resolvePlatformExtensions()
#2 D:\work4php\dev\wemakeprice_api\system\bootstrap.php(146): CodeIgniter\CodeIgniter->initialize()
#3 D:\work4php\dev\wemakeprice_api\public\index.php(28): require('D:\\work4php\\dev...')
#4 {main}
CRITICAL - 2022-04-27 15:33:57 --> The framework needs the following extension(s) installed and loaded: intl.
#0 D:\work4php\dev\wemakeprice_api\system\CodeIgniter.php(219): CodeIgniter\Exceptions\FrameworkException::forMissingExtension('intl')
#1 D:\work4php\dev\wemakeprice_api\system\CodeIgniter.php(177): CodeIgniter\CodeIgniter->resolvePlatformExtensions()
#2 D:\work4php\dev\wemakeprice_api\system\bootstrap.php(146): CodeIgniter\CodeIgniter->initialize()
#3 D:\work4php\dev\wemakeprice_api\public\index.php(28): require('D:\\work4php\\dev...')
#4 {main}
CRITICAL - 2022-04-27 15:33:58 --> The framework needs the following extension(s) installed and loaded: intl.
#0 D:\work4php\dev\wemakeprice_api\system\CodeIgniter.php(219): CodeIgniter\Exceptions\FrameworkException::forMissingExtension('intl')
#1 D:\work4php\dev\wemakeprice_api\system\CodeIgniter.php(177): CodeIgniter\CodeIgniter->resolvePlatformExtensions()
#2 D:\work4php\dev\wemakeprice_api\system\bootstrap.php(146): CodeIgniter\CodeIgniter->initialize()
#3 D:\work4php\dev\wemakeprice_api\public\index.php(28): require('D:\\work4php\\dev...')
#4 {main}
CRITICAL - 2022-04-27 15:40:53 --> The framework needs the following extension(s) installed and loaded: intl.
#0 D:\work4php\dev\wemakeprice_api\system\CodeIgniter.php(219): CodeIgniter\Exceptions\FrameworkException::forMissingExtension('intl')
#1 D:\work4php\dev\wemakeprice_api\system\CodeIgniter.php(177): CodeIgniter\CodeIgniter->resolvePlatformExtensions()
#2 D:\work4php\dev\wemakeprice_api\system\bootstrap.php(146): CodeIgniter\CodeIgniter->initialize()
#3 D:\work4php\dev\wemakeprice_api\public\index.php(28): require('D:\\work4php\\dev...')
#4 {main}
CRITICAL - 2022-04-27 15:45:29 --> The framework needs the following extension(s) installed and loaded: intl.
#0 D:\work4php\dev\wemakeprice_api\system\CodeIgniter.php(219): CodeIgniter\Exceptions\FrameworkException::forMissingExtension('intl')
#1 D:\work4php\dev\wemakeprice_api\system\CodeIgniter.php(177): CodeIgniter\CodeIgniter->resolvePlatformExtensions()
#2 D:\work4php\dev\wemakeprice_api\system\bootstrap.php(146): CodeIgniter\CodeIgniter->initialize()
#3 D:\work4php\dev\wemakeprice_api\public\index.php(28): require('D:\\work4php\\dev...')
#4 {main}
CRITICAL - 2022-04-27 15:45:30 --> The framework needs the following extension(s) installed and loaded: intl.
#0 D:\work4php\dev\wemakeprice_api\system\CodeIgniter.php(219): CodeIgniter\Exceptions\FrameworkException::forMissingExtension('intl')
#1 D:\work4php\dev\wemakeprice_api\system\CodeIgniter.php(177): CodeIgniter\CodeIgniter->resolvePlatformExtensions()
#2 D:\work4php\dev\wemakeprice_api\system\bootstrap.php(146): CodeIgniter\CodeIgniter->initialize()
#3 D:\work4php\dev\wemakeprice_api\public\index.php(28): require('D:\\work4php\\dev...')
#4 {main}
CRITICAL - 2022-04-27 15:45:32 --> The framework needs the following extension(s) installed and loaded: intl.
#0 D:\work4php\dev\wemakeprice_api\system\CodeIgniter.php(219): CodeIgniter\Exceptions\FrameworkException::forMissingExtension('intl')
#1 D:\work4php\dev\wemakeprice_api\system\CodeIgniter.php(177): CodeIgniter\CodeIgniter->resolvePlatformExtensions()
#2 D:\work4php\dev\wemakeprice_api\system\bootstrap.php(146): CodeIgniter\CodeIgniter->initialize()
#3 D:\work4php\dev\wemakeprice_api\public\index.php(28): require('D:\\work4php\\dev...')
#4 {main}
CRITICAL - 2022-04-27 15:49:00 --> The framework needs the following extension(s) installed and loaded: intl.
#0 D:\work4php\dev\wemakeprice_api\system\CodeIgniter.php(219): CodeIgniter\Exceptions\FrameworkException::forMissingExtension('intl')
#1 D:\work4php\dev\wemakeprice_api\system\CodeIgniter.php(177): CodeIgniter\CodeIgniter->resolvePlatformExtensions()
#2 D:\work4php\dev\wemakeprice_api\system\bootstrap.php(146): CodeIgniter\CodeIgniter->initialize()
#3 D:\work4php\dev\wemakeprice_api\spark(45): require('D:\\work4php\\dev...')
#4 {main}
CRITICAL - 2022-04-27 16:04:07 --> The framework needs the following extension(s) installed and loaded: intl.
#0 D:\work4php\dev\wemakeprice_api\system\CodeIgniter.php(219): CodeIgniter\Exceptions\FrameworkException::forMissingExtension('intl')
#1 D:\work4php\dev\wemakeprice_api\system\CodeIgniter.php(177): CodeIgniter\CodeIgniter->resolvePlatformExtensions()
#2 D:\work4php\dev\wemakeprice_api\system\bootstrap.php(146): CodeIgniter\CodeIgniter->initialize()
#3 D:\work4php\dev\wemakeprice_api\public\index.php(28): require('D:\\work4php\\dev...')
#4 {main}
CRITICAL - 2022-04-27 16:04:08 --> The framework needs the following extension(s) installed and loaded: intl.
#0 D:\work4php\dev\wemakeprice_api\system\CodeIgniter.php(219): CodeIgniter\Exceptions\FrameworkException::forMissingExtension('intl')
#1 D:\work4php\dev\wemakeprice_api\system\CodeIgniter.php(177): CodeIgniter\CodeIgniter->resolvePlatformExtensions()
#2 D:\work4php\dev\wemakeprice_api\system\bootstrap.php(146): CodeIgniter\CodeIgniter->initialize()
#3 D:\work4php\dev\wemakeprice_api\public\index.php(28): require('D:\\work4php\\dev...')
#4 {main}
CRITICAL - 2022-04-27 16:04:08 --> The framework needs the following extension(s) installed and loaded: intl.
#0 D:\work4php\dev\wemakeprice_api\system\CodeIgniter.php(219): CodeIgniter\Exceptions\FrameworkException::forMissingExtension('intl')
#1 D:\work4php\dev\wemakeprice_api\system\CodeIgniter.php(177): CodeIgniter\CodeIgniter->resolvePlatformExtensions()
#2 D:\work4php\dev\wemakeprice_api\system\bootstrap.php(146): CodeIgniter\CodeIgniter->initialize()
#3 D:\work4php\dev\wemakeprice_api\public\index.php(28): require('D:\\work4php\\dev...')
#4 {main}
CRITICAL - 2022-04-27 09:49:19 --> syntax error, unexpected ')', expecting ']'
#0 D:\work4php\dev\wemakeprice_api\system\CodeIgniter.php(368): CodeIgniter\CodeIgniter->tryToRouteIt(NULL)
#1 D:\work4php\dev\wemakeprice_api\system\CodeIgniter.php(326): CodeIgniter\CodeIgniter->handleRequest(NULL, Object(Config\Cache), false)
#2 D:\work4php\dev\wemakeprice_api\public\index.php(37): CodeIgniter\CodeIgniter->run()
#3 {main}
CRITICAL - 2022-04-27 09:49:21 --> syntax error, unexpected ')', expecting ']'
#0 D:\work4php\dev\wemakeprice_api\system\CodeIgniter.php(368): CodeIgniter\CodeIgniter->tryToRouteIt(NULL)
#1 D:\work4php\dev\wemakeprice_api\system\CodeIgniter.php(326): CodeIgniter\CodeIgniter->handleRequest(NULL, Object(Config\Cache), false)
#2 D:\work4php\dev\wemakeprice_api\public\index.php(37): CodeIgniter\CodeIgniter->run()
#3 {main}
CRITICAL - 2022-04-27 09:49:31 --> syntax error, unexpected ')', expecting ']'
#0 D:\work4php\dev\wemakeprice_api\system\CodeIgniter.php(368): CodeIgniter\CodeIgniter->tryToRouteIt(NULL)
#1 D:\work4php\dev\wemakeprice_api\system\CodeIgniter.php(326): CodeIgniter\CodeIgniter->handleRequest(NULL, Object(Config\Cache), false)
#2 D:\work4php\dev\wemakeprice_api\public\index.php(37): CodeIgniter\CodeIgniter->run()
#3 {main}
CRITICAL - 2022-04-27 09:49:33 --> syntax error, unexpected ')', expecting ']'
#0 D:\work4php\dev\wemakeprice_api\system\CodeIgniter.php(368): CodeIgniter\CodeIgniter->tryToRouteIt(NULL)
#1 D:\work4php\dev\wemakeprice_api\system\CodeIgniter.php(326): CodeIgniter\CodeIgniter->handleRequest(NULL, Object(Config\Cache), false)
#2 D:\work4php\dev\wemakeprice_api\public\index.php(37): CodeIgniter\CodeIgniter->run()
#3 {main}
CRITICAL - 2022-04-27 09:49:34 --> syntax error, unexpected ')', expecting ']'
#0 D:\work4php\dev\wemakeprice_api\system\CodeIgniter.php(368): CodeIgniter\CodeIgniter->tryToRouteIt(NULL)
#1 D:\work4php\dev\wemakeprice_api\system\CodeIgniter.php(326): CodeIgniter\CodeIgniter->handleRequest(NULL, Object(Config\Cache), false)
#2 D:\work4php\dev\wemakeprice_api\public\index.php(37): CodeIgniter\CodeIgniter->run()
#3 {main}
CRITICAL - 2022-04-27 10:02:03 --> Call to a member function library() on null
#0 D:\work4php\dev\wemakeprice_api\system\CodeIgniter.php(832): App\Controllers\Apitest->getContent()
#1 D:\work4php\dev\wemakeprice_api\system\CodeIgniter.php(419): CodeIgniter\CodeIgniter->runController(Object(App\Controllers\Apitest))
#2 D:\work4php\dev\wemakeprice_api\system\CodeIgniter.php(326): CodeIgniter\CodeIgniter->handleRequest(NULL, Object(Config\Cache), false)
#3 D:\work4php\dev\wemakeprice_api\public\index.php(37): CodeIgniter\CodeIgniter->run()
#4 {main}
CRITICAL - 2022-04-27 10:02:04 --> Call to a member function library() on null
#0 D:\work4php\dev\wemakeprice_api\system\CodeIgniter.php(832): App\Controllers\Apitest->getContent()
#1 D:\work4php\dev\wemakeprice_api\system\CodeIgniter.php(419): CodeIgniter\CodeIgniter->runController(Object(App\Controllers\Apitest))
#2 D:\work4php\dev\wemakeprice_api\system\CodeIgniter.php(326): CodeIgniter\CodeIgniter->handleRequest(NULL, Object(Config\Cache), false)
#3 D:\work4php\dev\wemakeprice_api\public\index.php(37): CodeIgniter\CodeIgniter->run()
#4 {main}
CRITICAL - 2022-04-27 10:02:33 --> Call to a member function library() on null
#0 D:\work4php\dev\wemakeprice_api\system\CodeIgniter.php(832): App\Controllers\Apitest->getContent()
#1 D:\work4php\dev\wemakeprice_api\system\CodeIgniter.php(419): CodeIgniter\CodeIgniter->runController(Object(App\Controllers\Apitest))
#2 D:\work4php\dev\wemakeprice_api\system\CodeIgniter.php(326): CodeIgniter\CodeIgniter->handleRequest(NULL, Object(Config\Cache), false)
#3 D:\work4php\dev\wemakeprice_api\public\index.php(37): CodeIgniter\CodeIgniter->run()
#4 {main}
CRITICAL - 2022-04-27 10:02:41 --> Call to a member function library() on null
#0 D:\work4php\dev\wemakeprice_api\system\CodeIgniter.php(832): App\Controllers\Apitest->getContent()
#1 D:\work4php\dev\wemakeprice_api\system\CodeIgniter.php(419): CodeIgniter\CodeIgniter->runController(Object(App\Controllers\Apitest))
#2 D:\work4php\dev\wemakeprice_api\system\CodeIgniter.php(326): CodeIgniter\CodeIgniter->handleRequest(NULL, Object(Config\Cache), false)
#3 D:\work4php\dev\wemakeprice_api\public\index.php(37): CodeIgniter\CodeIgniter->run()
#4 {main}
CRITICAL - 2022-04-27 10:05:24 --> Call to a member function library() on null
#0 D:\work4php\dev\wemakeprice_api\system\CodeIgniter.php(832): App\Controllers\Apitest->getContent()
#1 D:\work4php\dev\wemakeprice_api\system\CodeIgniter.php(419): CodeIgniter\CodeIgniter->runController(Object(App\Controllers\Apitest))
#2 D:\work4php\dev\wemakeprice_api\system\CodeIgniter.php(326): CodeIgniter\CodeIgniter->handleRequest(NULL, Object(Config\Cache), false)
#3 D:\work4php\dev\wemakeprice_api\public\index.php(37): CodeIgniter\CodeIgniter->run()
#4 {main}
CRITICAL - 2022-04-27 10:05:25 --> Call to a member function library() on null
#0 D:\work4php\dev\wemakeprice_api\system\CodeIgniter.php(832): App\Controllers\Apitest->getContent()
#1 D:\work4php\dev\wemakeprice_api\system\CodeIgniter.php(419): CodeIgniter\CodeIgniter->runController(Object(App\Controllers\Apitest))
#2 D:\work4php\dev\wemakeprice_api\system\CodeIgniter.php(326): CodeIgniter\CodeIgniter->handleRequest(NULL, Object(Config\Cache), false)
#3 D:\work4php\dev\wemakeprice_api\public\index.php(37): CodeIgniter\CodeIgniter->run()
#4 {main}
CRITICAL - 2022-04-27 10:05:37 --> Call to a member function library() on null
#0 D:\work4php\dev\wemakeprice_api\system\CodeIgniter.php(832): App\Controllers\Apitest->getContent()
#1 D:\work4php\dev\wemakeprice_api\system\CodeIgniter.php(419): CodeIgniter\CodeIgniter->runController(Object(App\Controllers\Apitest))
#2 D:\work4php\dev\wemakeprice_api\system\CodeIgniter.php(326): CodeIgniter\CodeIgniter->handleRequest(NULL, Object(Config\Cache), false)
#3 D:\work4php\dev\wemakeprice_api\public\index.php(37): CodeIgniter\CodeIgniter->run()
#4 {main}
CRITICAL - 2022-04-27 10:05:38 --> Call to a member function library() on null
#0 D:\work4php\dev\wemakeprice_api\system\CodeIgniter.php(832): App\Controllers\Apitest->getContent()
#1 D:\work4php\dev\wemakeprice_api\system\CodeIgniter.php(419): CodeIgniter\CodeIgniter->runController(Object(App\Controllers\Apitest))
#2 D:\work4php\dev\wemakeprice_api\system\CodeIgniter.php(326): CodeIgniter\CodeIgniter->handleRequest(NULL, Object(Config\Cache), false)
#3 D:\work4php\dev\wemakeprice_api\public\index.php(37): CodeIgniter\CodeIgniter->run()
#4 {main}
CRITICAL - 2022-04-27 10:08:31 --> Undefined property: App\Controllers\Apitest::$load
#0 D:\work4php\dev\wemakeprice_api\app\Controllers\Apitest.php(14): CodeIgniter\Debug\Exceptions->errorHandler(8, 'Undefined prope...', 'D:\\work4php\\dev...', 14, Array)
#1 D:\work4php\dev\wemakeprice_api\system\CodeIgniter.php(832): App\Controllers\Apitest->getContent()
#2 D:\work4php\dev\wemakeprice_api\system\CodeIgniter.php(419): CodeIgniter\CodeIgniter->runController(Object(App\Controllers\Apitest))
#3 D:\work4php\dev\wemakeprice_api\system\CodeIgniter.php(326): CodeIgniter\CodeIgniter->handleRequest(NULL, Object(Config\Cache), false)
#4 D:\work4php\dev\wemakeprice_api\public\index.php(37): CodeIgniter\CodeIgniter->run()
#5 {main}
CRITICAL - 2022-04-27 10:08:39 --> Undefined property: App\Controllers\Apitest::$load
#0 D:\work4php\dev\wemakeprice_api\app\Controllers\Apitest.php(14): CodeIgniter\Debug\Exceptions->errorHandler(8, 'Undefined prope...', 'D:\\work4php\\dev...', 14, Array)
#1 D:\work4php\dev\wemakeprice_api\system\CodeIgniter.php(832): App\Controllers\Apitest->getContent()
#2 D:\work4php\dev\wemakeprice_api\system\CodeIgniter.php(419): CodeIgniter\CodeIgniter->runController(Object(App\Controllers\Apitest))
#3 D:\work4php\dev\wemakeprice_api\system\CodeIgniter.php(326): CodeIgniter\CodeIgniter->handleRequest(NULL, Object(Config\Cache), false)
#4 D:\work4php\dev\wemakeprice_api\public\index.php(37): CodeIgniter\CodeIgniter->run()
#5 {main}
CRITICAL - 2022-04-27 10:10:20 --> Undefined property: App\Controllers\Apitest::$load
#0 D:\work4php\dev\wemakeprice_api\app\Controllers\Apitest.php(14): CodeIgniter\Debug\Exceptions->errorHandler(8, 'Undefined prope...', 'D:\\work4php\\dev...', 14, Array)
#1 D:\work4php\dev\wemakeprice_api\system\CodeIgniter.php(832): App\Controllers\Apitest->getContent()
#2 D:\work4php\dev\wemakeprice_api\system\CodeIgniter.php(419): CodeIgniter\CodeIgniter->runController(Object(App\Controllers\Apitest))
#3 D:\work4php\dev\wemakeprice_api\system\CodeIgniter.php(326): CodeIgniter\CodeIgniter->handleRequest(NULL, Object(Config\Cache), false)
#4 D:\work4php\dev\wemakeprice_api\public\index.php(37): CodeIgniter\CodeIgniter->run()
#5 {main}
CRITICAL - 2022-04-27 10:10:40 --> Undefined property: App\Controllers\Apitest::$load
#0 D:\work4php\dev\wemakeprice_api\app\Controllers\Apitest.php(14): CodeIgniter\Debug\Exceptions->errorHandler(8, 'Undefined prope...', 'D:\\work4php\\dev...', 14, Array)
#1 D:\work4php\dev\wemakeprice_api\system\CodeIgniter.php(832): App\Controllers\Apitest->getContent()
#2 D:\work4php\dev\wemakeprice_api\system\CodeIgniter.php(419): CodeIgniter\CodeIgniter->runController(Object(App\Controllers\Apitest))
#3 D:\work4php\dev\wemakeprice_api\system\CodeIgniter.php(326): CodeIgniter\CodeIgniter->handleRequest(NULL, Object(Config\Cache), false)
#4 D:\work4php\dev\wemakeprice_api\public\index.php(37): CodeIgniter\CodeIgniter->run()
#5 {main}
CRITICAL - 2022-04-27 10:12:00 --> Class 'App\Libraries\Stringconvert' not found
#0 D:\work4php\dev\wemakeprice_api\system\CodeIgniter.php(832): App\Controllers\Apitest->getContent()
#1 D:\work4php\dev\wemakeprice_api\system\CodeIgniter.php(419): CodeIgniter\CodeIgniter->runController(Object(App\Controllers\Apitest))
#2 D:\work4php\dev\wemakeprice_api\system\CodeIgniter.php(326): CodeIgniter\CodeIgniter->handleRequest(NULL, Object(Config\Cache), false)
#3 D:\work4php\dev\wemakeprice_api\public\index.php(37): CodeIgniter\CodeIgniter->run()
#4 {main}
CRITICAL - 2022-04-27 10:12:12 --> Class 'App\Libraries\Stringconvert' not found
#0 D:\work4php\dev\wemakeprice_api\system\CodeIgniter.php(832): App\Controllers\Apitest->getContent()
#1 D:\work4php\dev\wemakeprice_api\system\CodeIgniter.php(419): CodeIgniter\CodeIgniter->runController(Object(App\Controllers\Apitest))
#2 D:\work4php\dev\wemakeprice_api\system\CodeIgniter.php(326): CodeIgniter\CodeIgniter->handleRequest(NULL, Object(Config\Cache), false)
#3 D:\work4php\dev\wemakeprice_api\public\index.php(37): CodeIgniter\CodeIgniter->run()
#4 {main}
CRITICAL - 2022-04-27 10:12:18 --> Class 'App\Libraries\Stringconvert' not found
#0 D:\work4php\dev\wemakeprice_api\system\CodeIgniter.php(832): App\Controllers\Apitest->getContent()
#1 D:\work4php\dev\wemakeprice_api\system\CodeIgniter.php(419): CodeIgniter\CodeIgniter->runController(Object(App\Controllers\Apitest))
#2 D:\work4php\dev\wemakeprice_api\system\CodeIgniter.php(326): CodeIgniter\CodeIgniter->handleRequest(NULL, Object(Config\Cache), false)
#3 D:\work4php\dev\wemakeprice_api\public\index.php(37): CodeIgniter\CodeIgniter->run()
#4 {main}
CRITICAL - 2022-04-27 10:12:40 --> Class 'App\Libraries\Stringconvert' not found
#0 D:\work4php\dev\wemakeprice_api\system\CodeIgniter.php(832): App\Controllers\Apitest->getContent()
#1 D:\work4php\dev\wemakeprice_api\system\CodeIgniter.php(419): CodeIgniter\CodeIgniter->runController(Object(App\Controllers\Apitest))
#2 D:\work4php\dev\wemakeprice_api\system\CodeIgniter.php(326): CodeIgniter\CodeIgniter->handleRequest(NULL, Object(Config\Cache), false)
#3 D:\work4php\dev\wemakeprice_api\public\index.php(37): CodeIgniter\CodeIgniter->run()
#4 {main}
CRITICAL - 2022-04-27 10:13:08 --> Class 'App\Libraries\Stringconvert' not found
#0 D:\work4php\dev\wemakeprice_api\system\CodeIgniter.php(832): App\Controllers\Apitest->getContent()
#1 D:\work4php\dev\wemakeprice_api\system\CodeIgniter.php(419): CodeIgniter\CodeIgniter->runController(Object(App\Controllers\Apitest))
#2 D:\work4php\dev\wemakeprice_api\system\CodeIgniter.php(326): CodeIgniter\CodeIgniter->handleRequest(NULL, Object(Config\Cache), false)
#3 D:\work4php\dev\wemakeprice_api\public\index.php(37): CodeIgniter\CodeIgniter->run()
#4 {main}
CRITICAL - 2022-04-27 10:14:08 --> Class 'App\Libraries\Stringconvert' not found
#0 D:\work4php\dev\wemakeprice_api\system\CodeIgniter.php(832): App\Controllers\Apitest->getContent()
#1 D:\work4php\dev\wemakeprice_api\system\CodeIgniter.php(419): CodeIgniter\CodeIgniter->runController(Object(App\Controllers\Apitest))
#2 D:\work4php\dev\wemakeprice_api\system\CodeIgniter.php(326): CodeIgniter\CodeIgniter->handleRequest(NULL, Object(Config\Cache), false)
#3 D:\work4php\dev\wemakeprice_api\public\index.php(37): CodeIgniter\CodeIgniter->run()
#4 {main}
CRITICAL - 2022-04-27 10:14:17 --> Class 'App\Controllers\App\Libraries\Stringconvert' not found
#0 D:\work4php\dev\wemakeprice_api\system\CodeIgniter.php(832): App\Controllers\Apitest->getContent()
#1 D:\work4php\dev\wemakeprice_api\system\CodeIgniter.php(419): CodeIgniter\CodeIgniter->runController(Object(App\Controllers\Apitest))
#2 D:\work4php\dev\wemakeprice_api\system\CodeIgniter.php(326): CodeIgniter\CodeIgniter->handleRequest(NULL, Object(Config\Cache), false)
#3 D:\work4php\dev\wemakeprice_api\public\index.php(37): CodeIgniter\CodeIgniter->run()
#4 {main}
CRITICAL - 2022-04-27 10:14:26 --> Class 'App\Libraries\Stringconvert' not found
#0 D:\work4php\dev\wemakeprice_api\system\CodeIgniter.php(832): App\Controllers\Apitest->getContent()
#1 D:\work4php\dev\wemakeprice_api\system\CodeIgniter.php(419): CodeIgniter\CodeIgniter->runController(Object(App\Controllers\Apitest))
#2 D:\work4php\dev\wemakeprice_api\system\CodeIgniter.php(326): CodeIgniter\CodeIgniter->handleRequest(NULL, Object(Config\Cache), false)
#3 D:\work4php\dev\wemakeprice_api\public\index.php(37): CodeIgniter\CodeIgniter->run()
#4 {main}
CRITICAL - 2022-04-27 10:23:30 --> 6 : Could not resolve host: www.naver1111111.com
#0 D:\work4php\dev\wemakeprice_api\system\HTTP\CURLRequest.php(656): CodeIgniter\HTTP\Exceptions\HTTPException::forCurlError('6', 'Could not resol...')
#1 D:\work4php\dev\wemakeprice_api\system\HTTP\CURLRequest.php(364): CodeIgniter\HTTP\CURLRequest->sendRequest(Array)
#2 D:\work4php\dev\wemakeprice_api\system\HTTP\CURLRequest.php(140): CodeIgniter\HTTP\CURLRequest->send('GET', 'https://www.nav...')
#3 D:\work4php\dev\wemakeprice_api\app\Controllers\Apitest.php(17): CodeIgniter\HTTP\CURLRequest->request('GET', 'https://www.nav...')
#4 D:\work4php\dev\wemakeprice_api\system\CodeIgniter.php(832): App\Controllers\Apitest->getContent()
#5 D:\work4php\dev\wemakeprice_api\system\CodeIgniter.php(419): CodeIgniter\CodeIgniter->runController(Object(App\Controllers\Apitest))
#6 D:\work4php\dev\wemakeprice_api\system\CodeIgniter.php(326): CodeIgniter\CodeIgniter->handleRequest(NULL, Object(Config\Cache), false)
#7 D:\work4php\dev\wemakeprice_api\public\index.php(37): CodeIgniter\CodeIgniter->run()
#8 {main}
CRITICAL - 2022-04-27 10:24:28 --> 6 : Could not resolve host: www.naver1111111.com
#0 D:\work4php\dev\wemakeprice_api\system\HTTP\CURLRequest.php(656): CodeIgniter\HTTP\Exceptions\HTTPException::forCurlError('6', 'Could not resol...')
#1 D:\work4php\dev\wemakeprice_api\system\HTTP\CURLRequest.php(364): CodeIgniter\HTTP\CURLRequest->sendRequest(Array)
#2 D:\work4php\dev\wemakeprice_api\system\HTTP\CURLRequest.php(140): CodeIgniter\HTTP\CURLRequest->send('GET', 'https://www.nav...')
#3 D:\work4php\dev\wemakeprice_api\app\Controllers\Apitest.php(17): CodeIgniter\HTTP\CURLRequest->request('GET', 'https://www.nav...')
#4 D:\work4php\dev\wemakeprice_api\system\CodeIgniter.php(832): App\Controllers\Apitest->getContent()
#5 D:\work4php\dev\wemakeprice_api\system\CodeIgniter.php(419): CodeIgniter\CodeIgniter->runController(Object(App\Controllers\Apitest))
#6 D:\work4php\dev\wemakeprice_api\system\CodeIgniter.php(326): CodeIgniter\CodeIgniter->handleRequest(NULL, Object(Config\Cache), false)
#7 D:\work4php\dev\wemakeprice_api\public\index.php(37): CodeIgniter\CodeIgniter->run()
#8 {main}
CRITICAL - 2022-04-27 10:24:31 --> 6 : Could not resolve host: www.naver1111111.com
#0 D:\work4php\dev\wemakeprice_api\system\HTTP\CURLRequest.php(656): CodeIgniter\HTTP\Exceptions\HTTPException::forCurlError('6', 'Could not resol...')
#1 D:\work4php\dev\wemakeprice_api\system\HTTP\CURLRequest.php(364): CodeIgniter\HTTP\CURLRequest->sendRequest(Array)
#2 D:\work4php\dev\wemakeprice_api\system\HTTP\CURLRequest.php(140): CodeIgniter\HTTP\CURLRequest->send('GET', 'https://www.nav...')
#3 D:\work4php\dev\wemakeprice_api\app\Controllers\Apitest.php(17): CodeIgniter\HTTP\CURLRequest->request('GET', 'https://www.nav...')
#4 D:\work4php\dev\wemakeprice_api\system\CodeIgniter.php(832): App\Controllers\Apitest->getContent()
#5 D:\work4php\dev\wemakeprice_api\system\CodeIgniter.php(419): CodeIgniter\CodeIgniter->runController(Object(App\Controllers\Apitest))
#6 D:\work4php\dev\wemakeprice_api\system\CodeIgniter.php(326): CodeIgniter\CodeIgniter->handleRequest(NULL, Object(Config\Cache), false)
#7 D:\work4php\dev\wemakeprice_api\public\index.php(37): CodeIgniter\CodeIgniter->run()
#8 {main}
CRITICAL - 2022-04-27 10:37:26 --> Call to undefined function App\Controllers\getPost()
#0 D:\work4php\dev\wemakeprice_api\system\CodeIgniter.php(832): App\Controllers\Apitest->getContent()
#1 D:\work4php\dev\wemakeprice_api\system\CodeIgniter.php(419): CodeIgniter\CodeIgniter->runController(Object(App\Controllers\Apitest))
#2 D:\work4php\dev\wemakeprice_api\system\CodeIgniter.php(326): CodeIgniter\CodeIgniter->handleRequest(NULL, Object(Config\Cache), false)
#3 D:\work4php\dev\wemakeprice_api\public\index.php(37): CodeIgniter\CodeIgniter->run()
#4 {main}
CRITICAL - 2022-04-27 10:38:09 --> Call to undefined function App\Controllers\getPostGet()
#0 D:\work4php\dev\wemakeprice_api\system\CodeIgniter.php(832): App\Controllers\Apitest->getContent()
#1 D:\work4php\dev\wemakeprice_api\system\CodeIgniter.php(419): CodeIgniter\CodeIgniter->runController(Object(App\Controllers\Apitest))
#2 D:\work4php\dev\wemakeprice_api\system\CodeIgniter.php(326): CodeIgniter\CodeIgniter->handleRequest(NULL, Object(Config\Cache), false)
#3 D:\work4php\dev\wemakeprice_api\public\index.php(37): CodeIgniter\CodeIgniter->run()
#4 {main}
CRITICAL - 2022-04-27 10:38:11 --> Call to undefined function App\Controllers\getPostGet()
#0 D:\work4php\dev\wemakeprice_api\system\CodeIgniter.php(832): App\Controllers\Apitest->getContent()
#1 D:\work4php\dev\wemakeprice_api\system\CodeIgniter.php(419): CodeIgniter\CodeIgniter->runController(Object(App\Controllers\Apitest))
#2 D:\work4php\dev\wemakeprice_api\system\CodeIgniter.php(326): CodeIgniter\CodeIgniter->handleRequest(NULL, Object(Config\Cache), false)
#3 D:\work4php\dev\wemakeprice_api\public\index.php(37): CodeIgniter\CodeIgniter->run()
#4 {main}
CRITICAL - 2022-04-27 10:38:12 --> Call to undefined function App\Controllers\getPostGet()
#0 D:\work4php\dev\wemakeprice_api\system\CodeIgniter.php(832): App\Controllers\Apitest->getContent()
#1 D:\work4php\dev\wemakeprice_api\system\CodeIgniter.php(419): CodeIgniter\CodeIgniter->runController(Object(App\Controllers\Apitest))
#2 D:\work4php\dev\wemakeprice_api\system\CodeIgniter.php(326): CodeIgniter\CodeIgniter->handleRequest(NULL, Object(Config\Cache), false)
#3 D:\work4php\dev\wemakeprice_api\public\index.php(37): CodeIgniter\CodeIgniter->run()
#4 {main}
CRITICAL - 2022-04-27 10:38:29 --> Undefined variable: request
#0 D:\work4php\dev\wemakeprice_api\app\Controllers\Apitest.php(18): CodeIgniter\Debug\Exceptions->errorHandler(8, 'Undefined varia...', 'D:\\work4php\\dev...', 18, Array)
#1 D:\work4php\dev\wemakeprice_api\system\CodeIgniter.php(832): App\Controllers\Apitest->getContent()
#2 D:\work4php\dev\wemakeprice_api\system\CodeIgniter.php(419): CodeIgniter\CodeIgniter->runController(Object(App\Controllers\Apitest))
#3 D:\work4php\dev\wemakeprice_api\system\CodeIgniter.php(326): CodeIgniter\CodeIgniter->handleRequest(NULL, Object(Config\Cache), false)
#4 D:\work4php\dev\wemakeprice_api\public\index.php(37): CodeIgniter\CodeIgniter->run()
#5 {main}
CRITICAL - 2022-04-27 10:38:30 --> Undefined variable: request
#0 D:\work4php\dev\wemakeprice_api\app\Controllers\Apitest.php(18): CodeIgniter\Debug\Exceptions->errorHandler(8, 'Undefined varia...', 'D:\\work4php\\dev...', 18, Array)
#1 D:\work4php\dev\wemakeprice_api\system\CodeIgniter.php(832): App\Controllers\Apitest->getContent()
#2 D:\work4php\dev\wemakeprice_api\system\CodeIgniter.php(419): CodeIgniter\CodeIgniter->runController(Object(App\Controllers\Apitest))
#3 D:\work4php\dev\wemakeprice_api\system\CodeIgniter.php(326): CodeIgniter\CodeIgniter->handleRequest(NULL, Object(Config\Cache), false)
#4 D:\work4php\dev\wemakeprice_api\public\index.php(37): CodeIgniter\CodeIgniter->run()
#5 {main}
CRITICAL - 2022-04-27 10:38:35 --> Undefined variable: request
#0 D:\work4php\dev\wemakeprice_api\app\Controllers\Apitest.php(18): CodeIgniter\Debug\Exceptions->errorHandler(8, 'Undefined varia...', 'D:\\work4php\\dev...', 18, Array)
#1 D:\work4php\dev\wemakeprice_api\system\CodeIgniter.php(832): App\Controllers\Apitest->getContent()
#2 D:\work4php\dev\wemakeprice_api\system\CodeIgniter.php(419): CodeIgniter\CodeIgniter->runController(Object(App\Controllers\Apitest))
#3 D:\work4php\dev\wemakeprice_api\system\CodeIgniter.php(326): CodeIgniter\CodeIgniter->handleRequest(NULL, Object(Config\Cache), false)
#4 D:\work4php\dev\wemakeprice_api\public\index.php(37): CodeIgniter\CodeIgniter->run()
#5 {main}
CRITICAL - 2022-04-27 10:38:36 --> Undefined variable: request
#0 D:\work4php\dev\wemakeprice_api\app\Controllers\Apitest.php(18): CodeIgniter\Debug\Exceptions->errorHandler(8, 'Undefined varia...', 'D:\\work4php\\dev...', 18, Array)
#1 D:\work4php\dev\wemakeprice_api\system\CodeIgniter.php(832): App\Controllers\Apitest->getContent()
#2 D:\work4php\dev\wemakeprice_api\system\CodeIgniter.php(419): CodeIgniter\CodeIgniter->runController(Object(App\Controllers\Apitest))
#3 D:\work4php\dev\wemakeprice_api\system\CodeIgniter.php(326): CodeIgniter\CodeIgniter->handleRequest(NULL, Object(Config\Cache), false)
#4 D:\work4php\dev\wemakeprice_api\public\index.php(37): CodeIgniter\CodeIgniter->run()
#5 {main}
CRITICAL - 2022-04-27 10:38:45 --> Undefined variable: request
#0 D:\work4php\dev\wemakeprice_api\app\Controllers\Apitest.php(16): CodeIgniter\Debug\Exceptions->errorHandler(8, 'Undefined varia...', 'D:\\work4php\\dev...', 16, Array)
#1 D:\work4php\dev\wemakeprice_api\system\CodeIgniter.php(832): App\Controllers\Apitest->getContent()
#2 D:\work4php\dev\wemakeprice_api\system\CodeIgniter.php(419): CodeIgniter\CodeIgniter->runController(Object(App\Controllers\Apitest))
#3 D:\work4php\dev\wemakeprice_api\system\CodeIgniter.php(326): CodeIgniter\CodeIgniter->handleRequest(NULL, Object(Config\Cache), false)
#4 D:\work4php\dev\wemakeprice_api\public\index.php(37): CodeIgniter\CodeIgniter->run()
#5 {main}
CRITICAL - 2022-04-27 10:39:14 --> Undefined variable: request
#0 D:\work4php\dev\wemakeprice_api\app\Controllers\Apitest.php(16): CodeIgniter\Debug\Exceptions->errorHandler(8, 'Undefined varia...', 'D:\\work4php\\dev...', 16, Array)
#1 D:\work4php\dev\wemakeprice_api\system\CodeIgniter.php(832): App\Controllers\Apitest->getContent()
#2 D:\work4php\dev\wemakeprice_api\system\CodeIgniter.php(419): CodeIgniter\CodeIgniter->runController(Object(App\Controllers\Apitest))
#3 D:\work4php\dev\wemakeprice_api\system\CodeIgniter.php(326): CodeIgniter\CodeIgniter->handleRequest(NULL, Object(Config\Cache), false)
#4 D:\work4php\dev\wemakeprice_api\public\index.php(37): CodeIgniter\CodeIgniter->run()
#5 {main}
CRITICAL - 2022-04-27 10:40:26 --> Undefined variable: request
#0 D:\work4php\dev\wemakeprice_api\app\Controllers\Apitest.php(16): CodeIgniter\Debug\Exceptions->errorHandler(8, 'Undefined varia...', 'D:\\work4php\\dev...', 16, Array)
#1 D:\work4php\dev\wemakeprice_api\system\CodeIgniter.php(832): App\Controllers\Apitest->getContent()
#2 D:\work4php\dev\wemakeprice_api\system\CodeIgniter.php(419): CodeIgniter\CodeIgniter->runController(Object(App\Controllers\Apitest))
#3 D:\work4php\dev\wemakeprice_api\system\CodeIgniter.php(326): CodeIgniter\CodeIgniter->handleRequest(NULL, Object(Config\Cache), false)
#4 D:\work4php\dev\wemakeprice_api\public\index.php(37): CodeIgniter\CodeIgniter->run()
#5 {main}
CRITICAL - 2022-04-27 10:40:27 --> Undefined variable: request
#0 D:\work4php\dev\wemakeprice_api\app\Controllers\Apitest.php(16): CodeIgniter\Debug\Exceptions->errorHandler(8, 'Undefined varia...', 'D:\\work4php\\dev...', 16, Array)
#1 D:\work4php\dev\wemakeprice_api\system\CodeIgniter.php(832): App\Controllers\Apitest->getContent()
#2 D:\work4php\dev\wemakeprice_api\system\CodeIgniter.php(419): CodeIgniter\CodeIgniter->runController(Object(App\Controllers\Apitest))
#3 D:\work4php\dev\wemakeprice_api\system\CodeIgniter.php(326): CodeIgniter\CodeIgniter->handleRequest(NULL, Object(Config\Cache), false)
#4 D:\work4php\dev\wemakeprice_api\public\index.php(37): CodeIgniter\CodeIgniter->run()
#5 {main}
CRITICAL - 2022-04-27 10:40:56 --> Undefined variable: request
#0 D:\work4php\dev\wemakeprice_api\app\Controllers\Apitest.php(16): CodeIgniter\Debug\Exceptions->errorHandler(8, 'Undefined varia...', 'D:\\work4php\\dev...', 16, Array)
#1 D:\work4php\dev\wemakeprice_api\system\CodeIgniter.php(832): App\Controllers\Apitest->getContent()
#2 D:\work4php\dev\wemakeprice_api\system\CodeIgniter.php(419): CodeIgniter\CodeIgniter->runController(Object(App\Controllers\Apitest))
#3 D:\work4php\dev\wemakeprice_api\system\CodeIgniter.php(326): CodeIgniter\CodeIgniter->handleRequest(NULL, Object(Config\Cache), false)
#4 D:\work4php\dev\wemakeprice_api\public\index.php(37): CodeIgniter\CodeIgniter->run()
#5 {main}
CRITICAL - 2022-04-27 10:41:11 --> Undefined variable: request
#0 D:\work4php\dev\wemakeprice_api\app\Controllers\Apitest.php(17): CodeIgniter\Debug\Exceptions->errorHandler(8, 'Undefined varia...', 'D:\\work4php\\dev...', 17, Array)
#1 D:\work4php\dev\wemakeprice_api\system\CodeIgniter.php(832): App\Controllers\Apitest->getContent()
#2 D:\work4php\dev\wemakeprice_api\system\CodeIgniter.php(419): CodeIgniter\CodeIgniter->runController(Object(App\Controllers\Apitest))
#3 D:\work4php\dev\wemakeprice_api\system\CodeIgniter.php(326): CodeIgniter\CodeIgniter->handleRequest(NULL, Object(Config\Cache), false)
#4 D:\work4php\dev\wemakeprice_api\public\index.php(37): CodeIgniter\CodeIgniter->run()
#5 {main}
CRITICAL - 2022-04-27 10:44:39 --> Array to string conversion
#0 D:\work4php\dev\wemakeprice_api\app\Controllers\Apitest.php(17): CodeIgniter\Debug\Exceptions->errorHandler(8, 'Array to string...', 'D:\\work4php\\dev...', 17, Array)
#1 D:\work4php\dev\wemakeprice_api\system\CodeIgniter.php(832): App\Controllers\Apitest->getContent()
#2 D:\work4php\dev\wemakeprice_api\system\CodeIgniter.php(419): CodeIgniter\CodeIgniter->runController(Object(App\Controllers\Apitest))
#3 D:\work4php\dev\wemakeprice_api\system\CodeIgniter.php(326): CodeIgniter\CodeIgniter->handleRequest(NULL, Object(Config\Cache), false)
#4 D:\work4php\dev\wemakeprice_api\public\index.php(37): CodeIgniter\CodeIgniter->run()
#5 {main}
CRITICAL - 2022-04-27 10:44:41 --> Array to string conversion
#0 D:\work4php\dev\wemakeprice_api\app\Controllers\Apitest.php(17): CodeIgniter\Debug\Exceptions->errorHandler(8, 'Array to string...', 'D:\\work4php\\dev...', 17, Array)
#1 D:\work4php\dev\wemakeprice_api\system\CodeIgniter.php(832): App\Controllers\Apitest->getContent()
#2 D:\work4php\dev\wemakeprice_api\system\CodeIgniter.php(419): CodeIgniter\CodeIgniter->runController(Object(App\Controllers\Apitest))
#3 D:\work4php\dev\wemakeprice_api\system\CodeIgniter.php(326): CodeIgniter\CodeIgniter->handleRequest(NULL, Object(Config\Cache), false)
#4 D:\work4php\dev\wemakeprice_api\public\index.php(37): CodeIgniter\CodeIgniter->run()
#5 {main}
CRITICAL - 2022-04-27 11:02:11 --> Argument 2 passed to CodeIgniter\HTTP\CURLRequest::request() must be of the type string, null given, called in D:\work4php\dev\wemakeprice_api\app\Controllers\Apitest.php on line 35
#0 D:\work4php\dev\wemakeprice_api\app\Controllers\Apitest.php(35): CodeIgniter\HTTP\CURLRequest->request('GET', NULL)
#1 D:\work4php\dev\wemakeprice_api\system\CodeIgniter.php(832): App\Controllers\Apitest->getContent()
#2 D:\work4php\dev\wemakeprice_api\system\CodeIgniter.php(419): CodeIgniter\CodeIgniter->runController(Object(App\Controllers\Apitest))
#3 D:\work4php\dev\wemakeprice_api\system\CodeIgniter.php(326): CodeIgniter\CodeIgniter->handleRequest(NULL, Object(Config\Cache), false)
#4 D:\work4php\dev\wemakeprice_api\public\index.php(37): CodeIgniter\CodeIgniter->run()
#5 {main}
CRITICAL - 2022-04-27 11:02:12 --> Argument 2 passed to CodeIgniter\HTTP\CURLRequest::request() must be of the type string, null given, called in D:\work4php\dev\wemakeprice_api\app\Controllers\Apitest.php on line 35
#0 D:\work4php\dev\wemakeprice_api\app\Controllers\Apitest.php(35): CodeIgniter\HTTP\CURLRequest->request('GET', NULL)
#1 D:\work4php\dev\wemakeprice_api\system\CodeIgniter.php(832): App\Controllers\Apitest->getContent()
#2 D:\work4php\dev\wemakeprice_api\system\CodeIgniter.php(419): CodeIgniter\CodeIgniter->runController(Object(App\Controllers\Apitest))
#3 D:\work4php\dev\wemakeprice_api\system\CodeIgniter.php(326): CodeIgniter\CodeIgniter->handleRequest(NULL, Object(Config\Cache), false)
#4 D:\work4php\dev\wemakeprice_api\public\index.php(37): CodeIgniter\CodeIgniter->run()
#5 {main}
CRITICAL - 2022-04-27 11:36:48 --> 6 : Could not resolve host: www.whoiswor111ks.com
#0 D:\work4php\dev\wemakeprice_api\system\HTTP\CURLRequest.php(656): CodeIgniter\HTTP\Exceptions\HTTPException::forCurlError('6', 'Could not resol...')
#1 D:\work4php\dev\wemakeprice_api\system\HTTP\CURLRequest.php(364): CodeIgniter\HTTP\CURLRequest->sendRequest(Array)
#2 D:\work4php\dev\wemakeprice_api\system\HTTP\CURLRequest.php(140): CodeIgniter\HTTP\CURLRequest->send('GET', 'https://www.who...')
#3 D:\work4php\dev\wemakeprice_api\app\Controllers\Apitest.php(35): CodeIgniter\HTTP\CURLRequest->request('GET', 'https://www.who...')
#4 D:\work4php\dev\wemakeprice_api\system\CodeIgniter.php(832): App\Controllers\Apitest->getContent()
#5 D:\work4php\dev\wemakeprice_api\system\CodeIgniter.php(419): CodeIgniter\CodeIgniter->runController(Object(App\Controllers\Apitest))
#6 D:\work4php\dev\wemakeprice_api\system\CodeIgniter.php(326): CodeIgniter\CodeIgniter->handleRequest(NULL, Object(Config\Cache), false)
#7 D:\work4php\dev\wemakeprice_api\public\index.php(37): CodeIgniter\CodeIgniter->run()
#8 {main}
